<?xml version="1.0" encoding="UTF-8"?>
<Site BuildName="(empty)"
	BuildStamp="20200716-2014-Experimental"
	Name="(empty)"
	Generator="ctest-3.18.0-rc4"
	CompilerName=""
	CompilerVersion=""
	OSName="Windows"
	Hostname="DESKTOP-F9OGI26"
	OSRelease=" Professional"
	OSVersion=" (Build 18362)"
	OSPlatform="AMD64"
	Is64Bits="1"
	VendorString="GenuineIntel"
	VendorID="Intel Corporation"
	FamilyID="6"
	ModelID="5"
	ProcessorCacheSize="-1"
	NumberOfLogicalCPU="2"
	NumberOfPhysicalCPU="2"
	TotalVirtualMemory="17862"
	TotalPhysicalMemory="7862"
	LogicalProcessorsPerPhysical="1"
	ProcessorClockFrequency="2167"
	>
	<Testing>
		<StartDateTime>Jul 16 23:05 South Africa Standard Time</StartDateTime>
		<StartTestTime>1594933550</StartTestTime>
		<TestList>
			<Test>./test/GuizerTests</Test>
		</TestList>
		<Test Status="passed">
			<Name>GuizerTests</Name>
			<Path>./test</Path>
			<FullName>./test/GuizerTests</FullName>
			<FullCommandLine>"C:\Users\Tafadzwa Nyoni\Documents\GitHub\Guizer\build\test\Debug\GuizerTests.exe"</FullCommandLine>
			<Results>
				<NamedMeasurement type="numeric/double" name="Execution Time">
					<Value>0.55361</Value>
				</NamedMeasurement>
				<NamedMeasurement type="numeric/double" name="Processors">
					<Value>1</Value>
				</NamedMeasurement>
				<NamedMeasurement type="text/string" name="Completion Status">
					<Value>Completed</Value>
				</NamedMeasurement>
				<NamedMeasurement type="text/string" name="Command Line">
					<Value>"C:\Users\Tafadzwa Nyoni\Documents\GitHub\Guizer\build\test\Debug\GuizerTests.exe"</Value>
				</NamedMeasurement>
				<NamedMeasurement type="text/string" name="Environment">
					<Value>#CTEST_RESOURCE_GROUP_COUNT=</Value>
				</NamedMeasurement>
				<Measurement>
					<Value encoding="base64" compression="gzip">eJyNUEFqwzAQvPsVe7QPNs210EOpiwulSXGSk2WK4myMwN4N0qqheX2jKgS3UPCcRtphZ2ZrT2Soh1EbSjM4WB7h6V5tHVqnNvqg9+eThuUXk1Eld35EEqcqIy9+pypvzmhVz9wPKOhkSp3tVB/YR9hddF3SPNzQQn01XkDQROMrd94IFkmT39BCNfBOD3GO9GksU4gCDiX3xz/i6c6YcXN5u6SBeruEH7TTQVHiyOTEasHw8aY7y0EesXqdI4f0DkaXzUoStSAsesiSeU0Ftc33fKLfd/zvfmA1FZAuJj6XPu+P6/VzGepHbZF8A0PzqBU=</Value>
				</Measurement>
			</Results>
		</Test>
		<EndDateTime>Jul 16 23:05 South Africa Standard Time</EndDateTime>
		<EndTestTime>1594933550</EndTestTime>
		<ElapsedMinutes>0</ElapsedMinutes>
	</Testing>
</Site>
